
************** Start Artifactory Diagnostics *******************


[WARN ] Error while initializing File resolver : Config file does not exists : /root/.jfrog/artifactory/var/etc/system.yaml
[ERROR] 8082 (NOT AVAILABLE) used by processName docker-pr processId 10474
[ERROR] port 8082 is not bindable
[ERROR] Router external port (8082) is being used by another process
[INFO ] Router internal port (8046) is open
[INFO ] Router traefik port (8049) is open
[INFO ] Router grpc port (8047) is open
[ERROR] 8081 (NOT AVAILABLE) used by processName docker-pr processId 10504
[ERROR] port 8081 is not bindable
[ERROR] Artifactory port (8081) is being used by another process
[INFO ] Access port (8040) is open
[INFO ] Access grpc port (8045) is open
[INFO ] Metadata Port (8086) is open
[INFO ] Frontend Port (8070) is open
[INFO ] Replicator Port (8048) is open
[INFO ] Ulimit level for processes is satisfactory--no change required
[INFO ] Ulimit level for open files is satisfactory--no change required
[INFO ] Router external port (8082) is not blocked by firewall
[INFO ] Router internal port 8046 is not blocked by firewall
[INFO ] Router traefik port (8049) is not blocked by firewall
[INFO ] Router grpc port (8047) is not blocked by firewall
[INFO ] Artifactory port (8081) is not blocked by firewall
[INFO ] Access port (8040) is not blocked by firewall
[INFO ] Access grpc port (8045) is not blocked by firewall
[INFO ] Metadata Port (8086) is not blocked by firewall
[INFO ] Frontend Port (8070) is not blocked by firewall
[INFO ] Replicator Port (8048) is not blocked by firewall
[INFO ] Router external port (8082) is not blocked by iptables
[INFO ] Router internal port (8046) is not blocked by iptables
[INFO ] Router traefik port (8049) is not blocked by iptables
[INFO ] Router grpc port (8047) is not blocked by iptables
[INFO ] Artifactory port (8081) is not blocked by iptables
[INFO ] Access port (8040) is not blocked by iptables
[INFO ] Access grpc port (8045) is not blocked by iptables
[INFO ] Metadata Port (8086) is not blocked by iptables
[INFO ] Frontend Port (8070) is not blocked by iptables
[INFO ] Replicator Port (8048) is not blocked by iptables
[INFO ] Router external port (8082) is not blocked by ip6tables
[INFO ] Router internal port (8046) is not blocked by ip6tables
[INFO ] Router traefik port (8049) is not blocked by ip6tables
[INFO ] Router grpc port (8047) is not blocked by ip6tables
[INFO ] Artifactory port (8081) is not blocked by ip6tables
[INFO ] Access port (8040) is not blocked by ip6tables
[INFO ] Access grpc port (8045) is not blocked by ip6tables
[INFO ] Metadata Port (8086) is not blocked by ip6tables
[INFO ] Frontend Port (8070) is not blocked by ip6tables
[INFO ] Replicator Port (8048) is not blocked by ip6tables
[INFO ] Ping to localhost successful
[INFO ] Environment variable HTTP_PROXY is not set
[INFO ] Environment variable HTTPS_PROXY is not set
[INFO ] Environment variable NO_PROXY is not set
[INFO ] Environment variable ALL_PROXY is not set


************** END Artifactory Diagnostics *******************

